Removed Pin From Net: NetName=GND Pin=C7-2
Removed Pin From Net: NetName=GND Pin=C8-2
Removed Pin From Net: NetName=GND Pin=C9-2
Removed Pin From Net: NetName=VMOT Pin=C10-1
Removed Pin From Net: NetName=GND Pin=C10-2
Removed Pin From Net: NetName=VMOT Pin=C11-1
Removed Pin From Net: NetName=VMOT Pin=C12-1
Removed Pin From Net: NetName=GND Pin=C13-2
Removed Pin From Net: NetName=GND Pin=C14-2
Removed Pin From Net: NetName=GND Pin=C15-2
Removed Pin From Net: NetName=VMOT Pin=C16-1
Removed Pin From Net: NetName=GND Pin=C16-2
Removed Pin From Net: NetName=VCC Pin=D2-2
Removed Pin From Net: NetName=VMOT Pin=P5-1
Removed Pin From Net: NetName=NFAULT Pin=P10-1
Removed Pin From Net: NetName=NSLEEP Pin=P10-2
Removed Pin From Net: NetName=AIN1 Pin=P10-3
Removed Pin From Net: NetName=AIN2 Pin=P10-4
Removed Pin From Net: NetName=BIN1 Pin=P10-5
Removed Pin From Net: NetName=BIN2 Pin=P10-6
Removed Pin From Net: NetName=NFAULT_2 Pin=P11-1
Removed Pin From Net: NetName=NSLEEP_2 Pin=P11-2
Removed Pin From Net: NetName=AIN1_2 Pin=P11-3
Removed Pin From Net: NetName=AIN2_2 Pin=P11-4
Removed Pin From Net: NetName=BIN1_2 Pin=P11-5
Removed Pin From Net: NetName=BIN2_2 Pin=P11-6
Removed Pin From Net: NetName=GND Pin=P12-1
Removed Pin From Net: NetName=VMOT Pin=P12-2
Removed Pin From Net: NetName=3V3 Pin=P12-3
Removed Pin From Net: NetName=VCC Pin=P12-4
Removed Pin From Net: NetName=VMOT Pin=R4-2
Removed Pin From Net: NetName=NSLEEP Pin=R5-1
Removed Pin From Net: NetName=GND Pin=R6-1
Removed Pin From Net: NetName=GND Pin=R7-1
Removed Pin From Net: NetName=VMOT Pin=R8-2
Removed Pin From Net: NetName=NSLEEP_2 Pin=R9-1
Removed Pin From Net: NetName=GND Pin=R10-1
Removed Pin From Net: NetName=GND Pin=R11-1
Removed Pin From Net: NetName=NFAULT_2 Pin=U1-4
Removed Pin From Net: NetName=NSLEEP_2 Pin=U1-5
Removed Pin From Net: NetName=AIN1_2 Pin=U1-6
Removed Pin From Net: NetName=AIN2_2 Pin=U1-7
Removed Pin From Net: NetName=BIN2 Pin=U1-8
Removed Pin From Net: NetName=BIN1_2 Pin=U1-12
Removed Pin From Net: NetName=BIN2_2 Pin=U1-17
Removed Pin From Net: NetName=NFAULT Pin=U1-18
Removed Pin From Net: NetName=NSLEEP Pin=U1-19
Removed Pin From Net: NetName=AIN1 Pin=U1-20
Removed Pin From Net: NetName=AIN2 Pin=U1-21
Removed Pin From Net: NetName=BIN1 Pin=U1-22
Removed Pin From Net: NetName=NSLEEP Pin=U5-1
Removed Pin From Net: NetName=NFAULT Pin=U5-8
Removed Pin From Net: NetName=BIN1 Pin=U5-9
Removed Pin From Net: NetName=BIN2 Pin=U5-10
Removed Pin From Net: NetName=VMOT Pin=U5-12
Removed Pin From Net: NetName=GND Pin=U5-13
Removed Pin From Net: NetName=AIN2 Pin=U5-15
Removed Pin From Net: NetName=AIN1 Pin=U5-16
Removed Pin From Net: NetName=GND Pin=U5-17
Removed Pin From Net: NetName=NSLEEP_2 Pin=U7-1
Removed Pin From Net: NetName=NFAULT_2 Pin=U7-8
Removed Pin From Net: NetName=BIN1_2 Pin=U7-9
Removed Pin From Net: NetName=BIN2_2 Pin=U7-10
Removed Pin From Net: NetName=VMOT Pin=U7-12
Removed Pin From Net: NetName=GND Pin=U7-13
Removed Pin From Net: NetName=AIN2_2 Pin=U7-15
Removed Pin From Net: NetName=AIN1_2 Pin=U7-16
Removed Pin From Net: NetName=GND Pin=U7-17
Removed Pin From Net: NetName=GND Pin=U9-15
Removed Pin From Net: NetName=GND Pin=U9-16
Removed Pin From Net: NetName=GND Pin=U9-17
Removed Pin From Net: NetName=GND Pin=U9-18
Removed Pin From Net: NetName=GND Pin=U9-A1
Removed Pin From Net: NetName=GND Pin=U9-A12
Removed Pin From Net: NetName=GND Pin=U9-B1
Removed Pin From Net: NetName=GND Pin=U9-B12
Removed Member From Class: ClassName=U_USB Member=D2
Removed Member From Class: ClassName=U_Power Regulation Member=P12
Removed Member From Class: ClassName=U_USB Member=U9
Change Component Footprint: Designator=P11 Old Footprint=HDR1X6 New Footprint=HDR1X3
Change Component Footprint: Designator=P10 Old Footprint=HDR1X6 New Footprint=HDR1X4
Change Component Comment : Designator=P11 Old Comment=Header 6 New Comment=Header 3
Change Component Comment : Designator=P10 Old Comment=Header 6 New Comment=Header 4
Added Pin To Net: NetName=D_P Pin=P10-1
Added Pin To Net: NetName=D_N Pin=P10-2
Added Pin To Net: NetName=D_N Pin=P10-3
Added Pin To Net: NetName=D_P Pin=P10-4
Added Pin To Net: NetName=GND Pin=P11-1
Added Pin To Net: NetName=3V3 Pin=P11-2
Added Pin To Net: NetName=VCC Pin=P11-3
Added Pin To Net: NetName=BIN2 Pin=U1-4
Added Pin To Net: NetName=BIN1 Pin=U1-5
Added Pin To Net: NetName=AIN2 Pin=U1-6
Added Pin To Net: NetName=AIN1 Pin=U1-7
Added Pin To Net: NetName=NFAULT_2 Pin=U1-8
Added Pin To Net: NetName=NSLEEP Pin=U1-12
Added Pin To Net: NetName=NFAULT Pin=U1-17
Added Pin To Net: NetName=BIN2_2 Pin=U1-18
Added Pin To Net: NetName=BIN1_2 Pin=U1-19
Added Pin To Net: NetName=AIN2_2 Pin=U1-20
Added Pin To Net: NetName=AIN1_2 Pin=U1-21
Added Pin To Net: NetName=NSLEEP_2 Pin=U1-22
Change Net Name : Old Net Name=VMOT New Net Name=NetC17_1
Added Pin To Net: NetName=VMOT Pin=P5-1
Added Pin To Net: NetName=VMOT Pin=P5-2
Added Pin To Net: NetName=VMOT Pin=S1-1
Added Net: Name=VMOT
Added Member To Class: ClassName=U_USB Member=Component P10 Header 4
Added Member To Class: ClassName=U_Power Regulation Member=Component P11 Header 3
