Removed Pin From Net: NetName=IO46 Pin=P1-7
Removed Pin From Net: NetName=EN Pin=P1-8
Removed Pin From Net: NetName=UART2 Pin=P1-9
Removed Pin From Net: NetName=UART1 Pin=P1-10
Removed Pin From Net: NetName=IO45 Pin=P2-1
Removed Pin From Net: NetName=GLCD_CON9 Pin=P2-2
Removed Pin From Net: NetName=GLCD_CON8 Pin=P2-3
Removed Pin From Net: NetName=GLCD_CON6 Pin=P2-5
Removed Pin From Net: NetName=GLCD_CON5 Pin=P2-6
Removed Pin From Net: NetName=GLCD_CON4 Pin=P2-7
Removed Pin From Net: NetName=GLCD_CON3 Pin=P2-8
Removed Pin From Net: NetName=GLCD_CON2 Pin=P2-9
Removed Pin From Net: NetName=GLCD_CON1 Pin=P2-10
Removed Pin From Net: NetName=IO33 Pin=P14-3
Removed Pin From Net: NetName=IO21 Pin=P14-4
Removed Pin From Net: NetName=IO20 Pin=P14-5
Removed Pin From Net: NetName=IO19 Pin=P14-6
Removed Pin From Net: NetName=IO18 Pin=P14-7
Removed Pin From Net: NetName=IO17 Pin=P14-8
Removed Pin From Net: NetName=IO16 Pin=P14-9
Removed Pin From Net: NetName=BIN2 Pin=P14-10
Removed Pin From Net: NetName=BIN1 Pin=P14-11
Removed Pin From Net: NetName=AIN2 Pin=P14-12
Removed Pin From Net: NetName=AIN1 Pin=P14-13
Removed Pin From Net: NetName=NSLEEP Pin=P14-14
Removed Pin From Net: NetName=NFAULT Pin=P14-15
Removed Pin From Net: NetName=BIN2_2 Pin=P15-1
Removed Pin From Net: NetName=BIN1_2 Pin=P15-2
Removed Pin From Net: NetName=AIN2_2 Pin=P15-3
Removed Pin From Net: NetName=AIN1_2 Pin=P15-4
Removed Pin From Net: NetName=NSLEEP_2 Pin=P15-5
Removed Pin From Net: NetName=NFAULT_2 Pin=P15-6
Removed Pin From Net: NetName=IO3 Pin=P15-7
Removed Pin From Net: NetName=IO2 Pin=P15-8
Removed Pin From Net: NetName=IO1 Pin=P15-9
Removed Pin From Net: NetName=IO0 Pin=P15-10
Added Pin To Net: NetName=EN Pin=P1-7
Added Pin To Net: NetName=BIN2 Pin=P1-8
Added Pin To Net: NetName=BIN1 Pin=P1-9
Added Pin To Net: NetName=AIN2 Pin=P1-10
Added Pin To Net: NetName=GLCD_CON4 Pin=P2-1
Added Pin To Net: NetName=GLCD_CON5 Pin=P2-2
Added Pin To Net: NetName=GLCD_CON6 Pin=P2-3
Added Pin To Net: NetName=GLCD_CON8 Pin=P2-5
Added Pin To Net: NetName=GLCD_CON9 Pin=P2-6
Added Pin To Net: NetName=UART1 Pin=P2-7
Added Pin To Net: NetName=UART2 Pin=P2-8
Added Pin To Net: NetName=IO2 Pin=P2-9
Added Pin To Net: NetName=IO1 Pin=P2-10
Added Pin To Net: NetName=AIN1 Pin=P14-3
Added Pin To Net: NetName=NFAULT_2 Pin=P14-4
Added Pin To Net: NetName=IO16 Pin=P14-5
Added Pin To Net: NetName=IO17 Pin=P14-6
Added Pin To Net: NetName=NSLEEP Pin=P14-7
Added Pin To Net: NetName=IO18 Pin=P14-8
Added Pin To Net: NetName=IO19 Pin=P14-9
Added Pin To Net: NetName=IO20 Pin=P14-10
Added Pin To Net: NetName=IO3 Pin=P14-11
Added Pin To Net: NetName=IO46 Pin=P14-12
Added Pin To Net: NetName=NFAULT Pin=P14-13
Added Pin To Net: NetName=BIN2_2 Pin=P14-14
Added Pin To Net: NetName=BIN1_2 Pin=P14-15
Added Pin To Net: NetName=AIN2_2 Pin=P15-1
Added Pin To Net: NetName=AIN1_2 Pin=P15-2
Added Pin To Net: NetName=NSLEEP_2 Pin=P15-3
Added Pin To Net: NetName=IO21 Pin=P15-4
Added Pin To Net: NetName=IO33 Pin=P15-5
Added Pin To Net: NetName=GLCD_CON1 Pin=P15-6
Added Pin To Net: NetName=IO45 Pin=P15-7
Added Pin To Net: NetName=IO0 Pin=P15-8
Added Pin To Net: NetName=GLCD_CON2 Pin=P15-9
Added Pin To Net: NetName=GLCD_CON3 Pin=P15-10
