Remove Pin from Net: Unknown Pin: Pin C7-2
Remove Pin from Net: Unknown Pin: Pin C8-2
Remove Pin from Net: Unknown Pin: Pin C9-2
Remove Pin from Net: Unknown Pin: Pin C10-1
Remove Pin from Net: Unknown Pin: Pin C10-2
Remove Pin from Net: Unknown Pin: Pin C11-1
Remove Pin from Net: Unknown Pin: Pin C12-1
Remove Pin from Net: Unknown Pin: Pin C13-2
Remove Pin from Net: Unknown Pin: Pin C14-2
Remove Pin from Net: Unknown Pin: Pin C15-2
Remove Pin from Net: Unknown Pin: Pin C16-1
Remove Pin from Net: Unknown Pin: Pin C16-2
Remove Pin from Net: Unknown Pin: Pin D2-2
Removed Pin From Net: NetName=VMOT Pin=P5-1
Remove Pin from Net: Failed to remove Pin
Remove Pin from Net: Failed to remove Pin
Remove Pin from Net: Failed to remove Pin
Remove Pin from Net: Failed to remove Pin
Remove Pin from Net: Unknown Pin: Pin P10-5
Remove Pin from Net: Unknown Pin: Pin P10-6
Remove Pin from Net: Failed to remove Pin
Remove Pin from Net: Failed to remove Pin
Remove Pin from Net: Failed to remove Pin
Remove Pin from Net: Unknown Pin: Pin P11-4
Remove Pin from Net: Unknown Pin: Pin P11-5
Remove Pin from Net: Unknown Pin: Pin P11-6
Remove Pin from Net: Unknown Pin: Pin P12-1
Remove Pin from Net: Unknown Pin: Pin P12-2
Remove Pin from Net: Unknown Pin: Pin P12-3
Remove Pin from Net: Unknown Pin: Pin P12-4
Remove Pin from Net: Unknown Pin: Pin R4-2
Remove Pin from Net: Unknown Pin: Pin R5-1
Remove Pin from Net: Unknown Pin: Pin R6-1
Remove Pin from Net: Unknown Pin: Pin R7-1
Remove Pin from Net: Unknown Pin: Pin R8-2
Remove Pin from Net: Unknown Pin: Pin R9-1
Remove Pin from Net: Unknown Pin: Pin R10-1
Remove Pin from Net: Unknown Pin: Pin R11-1
Remove Pin from Net: Failed to remove Pin
Remove Pin from Net: Failed to remove Pin
Remove Pin from Net: Failed to remove Pin
Remove Pin from Net: Failed to remove Pin
Remove Pin from Net: Failed to remove Pin
Remove Pin from Net: Failed to remove Pin
Remove Pin from Net: Failed to remove Pin
Remove Pin from Net: Failed to remove Pin
Remove Pin from Net: Failed to remove Pin
Remove Pin from Net: Failed to remove Pin
Remove Pin from Net: Failed to remove Pin
Remove Pin from Net: Failed to remove Pin
Remove Pin from Net: Unknown Pin: Pin U5-1
Remove Pin from Net: Unknown Pin: Pin U5-8
Remove Pin from Net: Unknown Pin: Pin U5-9
Remove Pin from Net: Unknown Pin: Pin U5-10
Remove Pin from Net: Unknown Pin: Pin U5-12
Remove Pin from Net: Unknown Pin: Pin U5-13
Remove Pin from Net: Unknown Pin: Pin U5-15
Remove Pin from Net: Unknown Pin: Pin U5-16
Remove Pin from Net: Unknown Pin: Pin U5-17
Remove Pin from Net: Unknown Pin: Pin U7-1
Remove Pin from Net: Unknown Pin: Pin U7-8
Remove Pin from Net: Unknown Pin: Pin U7-9
Remove Pin from Net: Unknown Pin: Pin U7-10
Remove Pin from Net: Unknown Pin: Pin U7-12
Remove Pin from Net: Unknown Pin: Pin U7-13
Remove Pin from Net: Unknown Pin: Pin U7-15
Remove Pin from Net: Unknown Pin: Pin U7-16
Remove Pin from Net: Unknown Pin: Pin U7-17
Remove Pin from Net: Unknown Pin: Pin U9-15
Remove Pin from Net: Unknown Pin: Pin U9-16
Remove Pin from Net: Unknown Pin: Pin U9-17
Remove Pin from Net: Unknown Pin: Pin U9-18
Remove Pin from Net: Unknown Pin: Pin U9-A1
Remove Pin from Net: Unknown Pin: Pin U9-A12
Remove Pin from Net: Unknown Pin: Pin U9-B1
Remove Pin from Net: Unknown Pin: Pin U9-B12
Add Net: Net with name "VMOT" already exists
