Added Component: Designator=C21(CAPC2012X140N)
Add component (AddParameter): Name = "Availability"; Value = "Unavailable"; VariantName = "[No Variations]"
Add component (AddParameter): Name = "MF"; Value = "{'manufacturer': u'AVX'}"; VariantName = "[No Variations]"
Add component (AddParameter): Name = "MP"; Value = "LD051A121KAB2A"; VariantName = "[No Variations]"
Add component (AddParameter): Name = "Package"; Value = "None"; VariantName = "[No Variations]"
Add component (AddParameter): Name = "Price"; Value = "None"; VariantName = "[No Variations]"
Add component (AddParameter): Name = "Value"; Value = ""; VariantName = "[No Variations]"
Added Component: Designator=C22(CAPC2012X140N)
Add component (AddParameter): Name = "Availability"; Value = "Unavailable"; VariantName = "[No Variations]"
Add component (AddParameter): Name = "MF"; Value = "{'manufacturer': u'AVX'}"; VariantName = "[No Variations]"
Add component (AddParameter): Name = "MP"; Value = "LD051A121KAB2A"; VariantName = "[No Variations]"
Add component (AddParameter): Name = "Package"; Value = "None"; VariantName = "[No Variations]"
Add component (AddParameter): Name = "Price"; Value = "None"; VariantName = "[No Variations]"
Add component (AddParameter): Name = "Value"; Value = ""; VariantName = "[No Variations]"
Added Pin To Net: NetName=GND Pin=C21-1
Added Pin To Net: NetName=3V3 Pin=C21-2
Added Pin To Net: NetName=GND Pin=C22-1
Added Pin To Net: NetName=3V3 Pin=C22-2
Added Pin To Net: NetName=VCC Pin=U8-3
Added Member To Class: ClassName=U_Power Regulation Member=Component C21 0.1uf
Added Member To Class: ClassName=U_Power Regulation Member=Component C22 0.1uf
Added Member To Class: ClassName=GLCD Member=Component U6 3.5 Inch TFT LCD Module With Touch
