Change Component Designator: OldDesignator=U? NewDesignator=U1
Added Component: Designator=C1(CAPC2012X140N)
Add component (AddParameter): Name = "Availability"; Value = "Unavailable"; VariantName = "[No Variations]"
Add component (AddParameter): Name = "MF"; Value = "{'manufacturer': u'AVX'}"; VariantName = "[No Variations]"
Add component (AddParameter): Name = "MP"; Value = "LD051A121KAB2A"; VariantName = "[No Variations]"
Add component (AddParameter): Name = "Package"; Value = "None"; VariantName = "[No Variations]"
Add component (AddParameter): Name = "Price"; Value = "None"; VariantName = "[No Variations]"
Add component (AddParameter): Name = "Value"; Value = ""; VariantName = "[No Variations]"
Added Component: Designator=C2(CAPC2012X140N)
Add component (AddParameter): Name = "Availability"; Value = "Unavailable"; VariantName = "[No Variations]"
Add component (AddParameter): Name = "MF"; Value = "{'manufacturer': u'AVX'}"; VariantName = "[No Variations]"
Add component (AddParameter): Name = "MP"; Value = "LD051A121KAB2A"; VariantName = "[No Variations]"
Add component (AddParameter): Name = "Package"; Value = "None"; VariantName = "[No Variations]"
Add component (AddParameter): Name = "Price"; Value = "None"; VariantName = "[No Variations]"
Add component (AddParameter): Name = "Value"; Value = ""; VariantName = "[No Variations]"
Added Component: Designator=C3(CAPC2012X140N)
Add component (AddParameter): Name = "Availability"; Value = "Unavailable"; VariantName = "[No Variations]"
Add component (AddParameter): Name = "MF"; Value = "{'manufacturer': u'AVX'}"; VariantName = "[No Variations]"
Add component (AddParameter): Name = "MP"; Value = "LD051A121KAB2A"; VariantName = "[No Variations]"
Add component (AddParameter): Name = "Package"; Value = "None"; VariantName = "[No Variations]"
Add component (AddParameter): Name = "Price"; Value = "None"; VariantName = "[No Variations]"
Add component (AddParameter): Name = "Value"; Value = ""; VariantName = "[No Variations]"
Added Component: Designator=C4(CAPC2012X140N)
Add component (AddParameter): Name = "Availability"; Value = "Unavailable"; VariantName = "[No Variations]"
Add component (AddParameter): Name = "MF"; Value = "{'manufacturer': u'AVX'}"; VariantName = "[No Variations]"
Add component (AddParameter): Name = "MP"; Value = "LD051A121KAB2A"; VariantName = "[No Variations]"
Add component (AddParameter): Name = "Package"; Value = "None"; VariantName = "[No Variations]"
Add component (AddParameter): Name = "Price"; Value = "None"; VariantName = "[No Variations]"
Add component (AddParameter): Name = "Value"; Value = ""; VariantName = "[No Variations]"
Added Component: Designator=D1(DO-35)
Add component (AddParameter): Name = "Code_JEDEC"; Value = "DO-204-AH"; VariantName = "[No Variations]"
Add component (AddParameter): Name = "ComponentLink1Description"; Value = "Manufacturer Link"; VariantName = "[No Variations]"
Add component (AddParameter): Name = "ComponentLink1URL"; Value = "http://www.fairchildsemi.com/"; VariantName = "[No Variations]"
Add component (AddParameter): Name = "ComponentLink2Description"; Value = "Datasheet"; VariantName = "[No Variations]"
Add component (AddParameter): Name = "ComponentLink2URL"; Value = "http://www.fairchildsemi.com/ds/1N%2F1N4148.pdf"; VariantName = "[No Variations]"
Add component (AddParameter): Name = "DatasheetVersion"; Value = "1997"; VariantName = "[No Variations]"
Add component (AddParameter): Name = "LatestRevisionDate"; Value = "17-Jul-2002"; VariantName = "[No Variations]"
Add component (AddParameter): Name = "LatestRevisionNote"; Value = "Re-released for DXP Platform."; VariantName = "[No Variations]"
Add component (AddParameter): Name = "PackageDescription"; Value = "Diode, Axial; Body 3.8 x 1.9 mm (LxDia. max), Lead Dia. 0.53 mm (max)"; VariantName = "[No Variations]"
Add component (AddParameter): Name = "PackageReference"; Value = "DO-35"; VariantName = "[No Variations]"
Add component (AddParameter): Name = "Published"; Value = "8-Jun-2000"; VariantName = "[No Variations]"
Add component (AddParameter): Name = "Publisher"; Value = "Altium Limited"; VariantName = "[No Variations]"
Added Component: Designator=P1(HDR1X25)
Add component (AddParameter): Name = "LatestRevisionDate"; Value = "17-Jul-2002"; VariantName = "[No Variations]"
Add component (AddParameter): Name = "LatestRevisionNote"; Value = "Re-released for DXP Platform."; VariantName = "[No Variations]"
Add component (AddParameter): Name = "Publisher"; Value = "Altium Limited"; VariantName = "[No Variations]"
Added Component: Designator=P2(HDR1X25)
Add component (AddParameter): Name = "LatestRevisionDate"; Value = "17-Jul-2002"; VariantName = "[No Variations]"
Add component (AddParameter): Name = "LatestRevisionNote"; Value = "Re-released for DXP Platform."; VariantName = "[No Variations]"
Add component (AddParameter): Name = "Publisher"; Value = "Altium Limited"; VariantName = "[No Variations]"
Added Component: Designator=P3(HDR1X5)
Add component (AddParameter): Name = "LatestRevisionDate"; Value = "17-Jul-2002"; VariantName = "[No Variations]"
Add component (AddParameter): Name = "LatestRevisionNote"; Value = "Re-released for DXP Platform."; VariantName = "[No Variations]"
Add component (AddParameter): Name = "Publisher"; Value = "Altium Limited"; VariantName = "[No Variations]"
Added Component: Designator=Q1(TRANS_BC846BW_RF)
Add component (AddParameter): Name = "Availability"; Value = "Unavailable"; VariantName = "[No Variations]"
Add component (AddParameter): Name = "MF"; Value = "{'manufacturer': u'Taiwan Semiconductor'}"; VariantName = "[No Variations]"
Add component (AddParameter): Name = "MP"; Value = "BC846BW_RF"; VariantName = "[No Variations]"
Add component (AddParameter): Name = "Package"; Value = "None"; VariantName = "[No Variations]"
Add component (AddParameter): Name = "Price"; Value = "None"; VariantName = "[No Variations]"
Add component (AddParameter): Name = "Value"; Value = ""; VariantName = "[No Variations]"
Added Component: Designator=Q2(TRANS_BC846BW_RF)
Add component (AddParameter): Name = "Availability"; Value = "Unavailable"; VariantName = "[No Variations]"
Add component (AddParameter): Name = "MF"; Value = "{'manufacturer': u'Taiwan Semiconductor'}"; VariantName = "[No Variations]"
Add component (AddParameter): Name = "MP"; Value = "BC846BW_RF"; VariantName = "[No Variations]"
Add component (AddParameter): Name = "Package"; Value = "None"; VariantName = "[No Variations]"
Add component (AddParameter): Name = "Price"; Value = "None"; VariantName = "[No Variations]"
Add component (AddParameter): Name = "Value"; Value = ""; VariantName = "[No Variations]"
Added Component: Designator=R1(RESC3115X65N)
Add component (AddParameter): Name = "Availability"; Value = "Unavailable"; VariantName = "[No Variations]"
Add component (AddParameter): Name = "MF"; Value = "{'manufacturer': u'TE Connectivity'}"; VariantName = "[No Variations]"
Add component (AddParameter): Name = "MP"; Value = "1-1879462-4"; VariantName = "[No Variations]"
Add component (AddParameter): Name = "Package"; Value = "None"; VariantName = "[No Variations]"
Add component (AddParameter): Name = "Price"; Value = "None"; VariantName = "[No Variations]"
Add component (AddParameter): Name = "Value"; Value = ""; VariantName = "[No Variations]"
Added Component: Designator=R2(RESC3115X65N)
Add component (AddParameter): Name = "Availability"; Value = "Unavailable"; VariantName = "[No Variations]"
Add component (AddParameter): Name = "MF"; Value = "{'manufacturer': u'TE Connectivity'}"; VariantName = "[No Variations]"
Add component (AddParameter): Name = "MP"; Value = "1-1879462-4"; VariantName = "[No Variations]"
Add component (AddParameter): Name = "Package"; Value = "None"; VariantName = "[No Variations]"
Add component (AddParameter): Name = "Price"; Value = "None"; VariantName = "[No Variations]"
Add component (AddParameter): Name = "Value"; Value = ""; VariantName = "[No Variations]"
Added Component: Designator=SW1(TE_FSM4JSMA)
Add component (AddParameter): Name = "Availability"; Value = "Unavailable"; VariantName = "[No Variations]"
Add component (AddParameter): Name = "MF"; Value = "{'manufacturer': u'TE Connectivity'}"; VariantName = "[No Variations]"
Add component (AddParameter): Name = "MP"; Value = "FSM4JSMA"; VariantName = "[No Variations]"
Add component (AddParameter): Name = "Package"; Value = "None"; VariantName = "[No Variations]"
Add component (AddParameter): Name = "Price"; Value = "None"; VariantName = "[No Variations]"
Add component (AddParameter): Name = "Value"; Value = ""; VariantName = "[No Variations]"
Added Component: Designator=SW2(TE_FSM4JSMA)
Add component (AddParameter): Name = "Availability"; Value = "Unavailable"; VariantName = "[No Variations]"
Add component (AddParameter): Name = "MF"; Value = "{'manufacturer': u'TE Connectivity'}"; VariantName = "[No Variations]"
Add component (AddParameter): Name = "MP"; Value = "FSM4JSMA"; VariantName = "[No Variations]"
Add component (AddParameter): Name = "Package"; Value = "None"; VariantName = "[No Variations]"
Add component (AddParameter): Name = "Price"; Value = "None"; VariantName = "[No Variations]"
Add component (AddParameter): Name = "Value"; Value = ""; VariantName = "[No Variations]"
Added Component: Designator=U2(C5156605)
Added Component: Designator=U3(SOIC127P600X180-16N)
Add component (AddParameter): Name = "Availability"; Value = "Unavailable"; VariantName = "[No Variations]"
Add component (AddParameter): Name = "MF"; Value = "{'manufacturer': u'WCH'}"; VariantName = "[No Variations]"
Add component (AddParameter): Name = "MP"; Value = "CH340G"; VariantName = "[No Variations]"
Add component (AddParameter): Name = "Package"; Value = "None"; VariantName = "[No Variations]"
Add component (AddParameter): Name = "Price"; Value = "None"; VariantName = "[No Variations]"
Add component (AddParameter): Name = "Value"; Value = ""; VariantName = "[No Variations]"
Added Pin To Net: NetName=NetU6_1 Pin=U6-8
Added Pin To Net: NetName=3V3 Pin=P1-4
Added Pin To Net: NetName=3V3 Pin=P1-5
Added Pin To Net: NetName=3V3 Pin=P1-6
Added Pin To Net: NetName=3V3 Pin=P1-7
Added Pin To Net: NetName=3V3 Pin=P2-1
Added Pin To Net: NetName=3V3 Pin=U1-2
Added Net: Name=3V3
Added Pin To Net: NetName=CS Pin=P1-25
Added Pin To Net: NetName=CS Pin=U1-25
Added Pin To Net: NetName=CS Pin=U6-3
Added Net: Name=CS
Added Pin To Net: NetName=D+ Pin=U2-A6
Added Pin To Net: NetName=D+ Pin=U2-B6
Added Pin To Net: NetName=D+ Pin=U3-5
Added Net: Name=D+
Added Pin To Net: NetName=D- Pin=U2-A7
Added Pin To Net: NetName=D- Pin=U2-B7
Added Pin To Net: NetName=D- Pin=U3-6
Added Net: Name=D-
Added Pin To Net: NetName=DC/RS Pin=P1-20
Added Pin To Net: NetName=DC/RS Pin=U1-32
Added Pin To Net: NetName=DC/RS Pin=U6-5
Added Net: Name=DC/RS
Added Pin To Net: NetName=DTR Pin=Q2-3
Added Pin To Net: NetName=DTR Pin=R1-1
Added Pin To Net: NetName=DTR Pin=U3-13
Added Net: Name=DTR
Added Pin To Net: NetName=EN Pin=C1-1
Added Pin To Net: NetName=EN Pin=P1-12
Added Pin To Net: NetName=EN Pin=Q1-3
Added Pin To Net: NetName=EN Pin=SW1-1
Added Pin To Net: NetName=EN Pin=U1-3
Added Net: Name=EN
Added Pin To Net: NetName=GND Pin=C1-2
Added Pin To Net: NetName=GND Pin=C2-2
Added Pin To Net: NetName=GND Pin=C3-1
Added Pin To Net: NetName=GND Pin=C4-1
Added Pin To Net: NetName=GND Pin=P1-8
Added Pin To Net: NetName=GND Pin=P1-9
Added Pin To Net: NetName=GND Pin=P1-10
Added Pin To Net: NetName=GND Pin=P1-11
Added Pin To Net: NetName=GND Pin=P2-2
Added Pin To Net: NetName=GND Pin=SW1-4
Added Pin To Net: NetName=GND Pin=SW2-4
Added Pin To Net: NetName=GND Pin=U1-1
Added Pin To Net: NetName=GND Pin=U1-40
Added Pin To Net: NetName=GND Pin=U1-41_1
Added Pin To Net: NetName=GND Pin=U1-41_2
Added Pin To Net: NetName=GND Pin=U1-41_3
Added Pin To Net: NetName=GND Pin=U1-41_4
Added Pin To Net: NetName=GND Pin=U1-41_5
Added Pin To Net: NetName=GND Pin=U1-41_6
Added Pin To Net: NetName=GND Pin=U1-41_7
Added Pin To Net: NetName=GND Pin=U1-41_8
Added Pin To Net: NetName=GND Pin=U1-41_9
Added Pin To Net: NetName=GND Pin=U2-15
Added Pin To Net: NetName=GND Pin=U2-16
Added Pin To Net: NetName=GND Pin=U2-17
Added Pin To Net: NetName=GND Pin=U2-18
Added Pin To Net: NetName=GND Pin=U2-A1
Added Pin To Net: NetName=GND Pin=U2-A12
Added Pin To Net: NetName=GND Pin=U2-B1
Added Pin To Net: NetName=GND Pin=U2-B12
Added Pin To Net: NetName=GND Pin=U3-1
Added Net: Name=GND
Added Pin To Net: NetName=IO0 Pin=C2-1
Added Pin To Net: NetName=IO0 Pin=P2-25
Added Pin To Net: NetName=IO0 Pin=Q2-2
Added Pin To Net: NetName=IO0 Pin=SW2-1
Added Pin To Net: NetName=IO0 Pin=U1-27
Added Net: Name=IO0
Added Pin To Net: NetName=IO1 Pin=P2-24
Added Pin To Net: NetName=IO1 Pin=U1-39
Added Net: Name=IO1
Added Pin To Net: NetName=IO2 Pin=P2-23
Added Pin To Net: NetName=IO2 Pin=U1-38
Added Net: Name=IO2
Added Pin To Net: NetName=IO3 Pin=P2-22
Added Pin To Net: NetName=IO3 Pin=U1-15
Added Net: Name=IO3
Added Pin To Net: NetName=IO4 Pin=P2-21
Added Pin To Net: NetName=IO4 Pin=U1-4
Added Net: Name=IO4
Added Pin To Net: NetName=IO5 Pin=P2-20
Added Pin To Net: NetName=IO5 Pin=U1-5
Added Net: Name=IO5
Added Pin To Net: NetName=IO6 Pin=P2-19
Added Pin To Net: NetName=IO6 Pin=U1-6
Added Net: Name=IO6
Added Pin To Net: NetName=IO7 Pin=P2-18
Added Pin To Net: NetName=IO7 Pin=U1-7
Added Net: Name=IO7
Added Pin To Net: NetName=IO8 Pin=P2-17
Added Pin To Net: NetName=IO8 Pin=U1-12
Added Net: Name=IO8
Added Pin To Net: NetName=IO9 Pin=P2-16
Added Pin To Net: NetName=IO9 Pin=U1-17
Added Net: Name=IO9
Added Pin To Net: NetName=IO10 Pin=P2-15
Added Pin To Net: NetName=IO10 Pin=U1-18
Added Net: Name=IO10
Added Pin To Net: NetName=IO11 Pin=P2-14
Added Pin To Net: NetName=IO11 Pin=U1-19
Added Net: Name=IO11
Added Pin To Net: NetName=IO12 Pin=P2-13
Added Pin To Net: NetName=IO12 Pin=U1-20
Added Net: Name=IO12
Added Pin To Net: NetName=IO13 Pin=P2-12
Added Pin To Net: NetName=IO13 Pin=U1-21
Added Net: Name=IO13
Added Pin To Net: NetName=IO14 Pin=P2-11
Added Pin To Net: NetName=IO14 Pin=U1-22
Added Net: Name=IO14
Added Pin To Net: NetName=IO15 Pin=P2-10
Added Pin To Net: NetName=IO15 Pin=U1-8
Added Net: Name=IO15
Added Pin To Net: NetName=IO16 Pin=P2-9
Added Pin To Net: NetName=IO16 Pin=U1-9
Added Net: Name=IO16
Added Pin To Net: NetName=IO17 Pin=P2-8
Added Pin To Net: NetName=IO17 Pin=U1-10
Added Net: Name=IO17
Added Pin To Net: NetName=IO18 Pin=P2-7
Added Pin To Net: NetName=IO18 Pin=U1-11
Added Net: Name=IO18
Added Pin To Net: NetName=IO19 Pin=P2-6
Added Pin To Net: NetName=IO19 Pin=U1-13
Added Net: Name=IO19
Added Pin To Net: NetName=IO20 Pin=P2-5
Added Pin To Net: NetName=IO20 Pin=U1-14
Added Net: Name=IO20
Added Pin To Net: NetName=IO21 Pin=P2-4
Added Pin To Net: NetName=IO21 Pin=U1-23
Added Net: Name=IO21
Added Pin To Net: NetName=IO33 Pin=P2-3
Added Pin To Net: NetName=IO33 Pin=U1-24
Added Net: Name=IO33
Added Pin To Net: NetName=IO45 Pin=P1-16
Added Pin To Net: NetName=IO45 Pin=U1-26
Added Net: Name=IO45
Added Pin To Net: NetName=IO46 Pin=P1-15
Added Pin To Net: NetName=IO46 Pin=U1-16
Added Net: Name=IO46
Added Pin To Net: NetName=MISO Pin=P1-22
Added Pin To Net: NetName=MISO Pin=U1-30
Added Pin To Net: NetName=MISO Pin=U6-9
Added Pin To Net: NetName=MISO Pin=U6-13
Added Pin To Net: NetName=MISO Pin=U6-16
Added Net: Name=MISO
Added Pin To Net: NetName=MOSI Pin=P1-24
Added Pin To Net: NetName=MOSI Pin=U1-28
Added Pin To Net: NetName=MOSI Pin=U6-6
Added Pin To Net: NetName=MOSI Pin=U6-12
Added Pin To Net: NetName=MOSI Pin=U6-17
Added Net: Name=MOSI
Added Pin To Net: NetName=NetC3_2 Pin=C3-2
Added Pin To Net: NetName=NetC3_2 Pin=U3-4
Added Net: Name=NetC3_2
Added Pin To Net: NetName=NetD1_1 Pin=D1-1
Added Pin To Net: NetName=NetD1_1 Pin=U2-A4
Added Pin To Net: NetName=NetD1_1 Pin=U2-A9
Added Pin To Net: NetName=NetD1_1 Pin=U2-B4
Added Pin To Net: NetName=NetD1_1 Pin=U2-B9
Added Net: Name=NetD1_1
Added Pin To Net: NetName=NetP3_2 Pin=P3-2
Added Pin To Net: NetName=NetP3_2 Pin=U3-11
Added Net: Name=NetP3_2
Added Pin To Net: NetName=NetP3_3 Pin=P3-3
Added Pin To Net: NetName=NetP3_3 Pin=U3-12
Added Net: Name=NetP3_3
Added Pin To Net: NetName=NetP3_4 Pin=P3-4
Added Pin To Net: NetName=NetP3_4 Pin=U3-10
Added Net: Name=NetP3_4
Added Pin To Net: NetName=NetP3_5 Pin=P3-5
Added Pin To Net: NetName=NetP3_5 Pin=U3-9
Added Net: Name=NetP3_5
Added Pin To Net: NetName=NetQ1_1 Pin=Q1-1
Added Pin To Net: NetName=NetQ1_1 Pin=R1-2
Added Net: Name=NetQ1_1
Added Pin To Net: NetName=NetQ2_1 Pin=Q2-1
Added Pin To Net: NetName=NetQ2_1 Pin=R2-2
Added Net: Name=NetQ2_1
Added Pin To Net: NetName=NetU1_36 Pin=U1-36
Added Pin To Net: NetName=NetU1_36 Pin=U3-2
Added Net: Name=NetU1_36
Added Pin To Net: NetName=NetU1_37 Pin=U1-37
Added Pin To Net: NetName=NetU1_37 Pin=U3-3
Added Net: Name=NetU1_37
Added Pin To Net: NetName=RESET Pin=P1-21
Added Pin To Net: NetName=RESET Pin=U1-31
Added Pin To Net: NetName=RESET Pin=U6-4
Added Net: Name=RESET
Added Pin To Net: NetName=RS232 Pin=P3-1
Added Pin To Net: NetName=RS232 Pin=U3-15
Added Net: Name=RS232
Added Pin To Net: NetName=RST Pin=Q1-2
Added Pin To Net: NetName=RST Pin=R2-1
Added Pin To Net: NetName=RST Pin=U3-14
Added Net: Name=RST
Added Pin To Net: NetName=RXD0 Pin=P1-14
Added Net: Name=RXD0
Added Pin To Net: NetName=SCK Pin=P1-23
Added Pin To Net: NetName=SCK Pin=U1-29
Added Pin To Net: NetName=SCK Pin=U6-7
Added Pin To Net: NetName=SCK Pin=U6-10
Added Pin To Net: NetName=SCK Pin=U6-15
Added Net: Name=SCK
Added Pin To Net: NetName=SCS Pin=P1-18
Added Pin To Net: NetName=SCS Pin=U1-34
Added Pin To Net: NetName=SCS Pin=U6-18
Added Net: Name=SCS
Added Pin To Net: NetName=T_CS Pin=P1-19
Added Pin To Net: NetName=T_CS Pin=U1-33
Added Pin To Net: NetName=T_CS Pin=U6-11
Added Net: Name=T_CS
Added Pin To Net: NetName=T_IRQ Pin=P1-17
Added Pin To Net: NetName=T_IRQ Pin=U1-35
Added Pin To Net: NetName=T_IRQ Pin=U6-14
Added Net: Name=T_IRQ
Added Pin To Net: NetName=TXD0 Pin=P1-13
Added Net: Name=TXD0
Added Pin To Net: NetName=VCC Pin=C4-2
Added Pin To Net: NetName=VCC Pin=D1-2
Added Pin To Net: NetName=VCC Pin=P1-1
Added Pin To Net: NetName=VCC Pin=P1-2
Added Pin To Net: NetName=VCC Pin=P1-3
Added Pin To Net: NetName=VCC Pin=U3-16
Added Net: Name=VCC
Added Class: Name=U_USB
Added Member To Class: ClassName=U_ESP32_S2_solo Member=Component P1 Header 25
Added Member To Class: ClassName=U_ESP32_S2_solo Member=Component P2 Header 25
Added Room: Name=U_USB
