Change Component Designator: OldDesignator=U? NewDesignator=U4
Added Component: Designator=P6(HDR1X3)
Add component (AddParameter): Name = "LatestRevisionDate"; Value = "17-Jul-2002"; VariantName = "[No Variations]"
Add component (AddParameter): Name = "LatestRevisionNote"; Value = "Re-released for DXP Platform."; VariantName = "[No Variations]"
Add component (AddParameter): Name = "Publisher"; Value = "Altium Limited"; VariantName = "[No Variations]"
Added Component: Designator=P7(HDR1X6)
Add component (AddParameter): Name = "LatestRevisionDate"; Value = "17-Jul-2002"; VariantName = "[No Variations]"
Add component (AddParameter): Name = "LatestRevisionNote"; Value = "Re-released for DXP Platform."; VariantName = "[No Variations]"
Add component (AddParameter): Name = "Publisher"; Value = "Altium Limited"; VariantName = "[No Variations]"
Added Component: Designator=P8(HDR1X2)
Add component (AddParameter): Name = "LatestRevisionDate"; Value = "17-Jul-2002"; VariantName = "[No Variations]"
Add component (AddParameter): Name = "LatestRevisionNote"; Value = "Re-released for DXP Platform."; VariantName = "[No Variations]"
Add component (AddParameter): Name = "Publisher"; Value = "Altium Limited"; VariantName = "[No Variations]"
Added Component: Designator=P9(HDR1X11)
Add component (AddParameter): Name = "LatestRevisionDate"; Value = "17-Jul-2002"; VariantName = "[No Variations]"
Add component (AddParameter): Name = "LatestRevisionNote"; Value = "Re-released for DXP Platform."; VariantName = "[No Variations]"
Add component (AddParameter): Name = "Publisher"; Value = "Altium Limited"; VariantName = "[No Variations]"
Added Component: Designator=P10(PIN1)
Add component (AddParameter): Name = "LatestRevisionDate"; Value = "17-Jul-2002"; VariantName = "[No Variations]"
Add component (AddParameter): Name = "LatestRevisionNote"; Value = "Re-released for DXP Platform."; VariantName = "[No Variations]"
Add component (AddParameter): Name = "Publisher"; Value = "Altium Limited"; VariantName = "[No Variations]"
Added Component: Designator=P11(PIN1)
Add component (AddParameter): Name = "LatestRevisionDate"; Value = "17-Jul-2002"; VariantName = "[No Variations]"
Add component (AddParameter): Name = "LatestRevisionNote"; Value = "Re-released for DXP Platform."; VariantName = "[No Variations]"
Add component (AddParameter): Name = "Publisher"; Value = "Altium Limited"; VariantName = "[No Variations]"
Added Component: Designator=U5(IC_DRV8833PWPR)
Add component (AddParameter): Name = "Availability"; Value = "Unavailable"; VariantName = "[No Variations]"
Add component (AddParameter): Name = "MF"; Value = "{'manufacturer': u'Texas Instruments'}"; VariantName = "[No Variations]"
Add component (AddParameter): Name = "MP"; Value = "DRV8833PWPR"; VariantName = "[No Variations]"
Add component (AddParameter): Name = "Package"; Value = "None"; VariantName = "[No Variations]"
Add component (AddParameter): Name = "Price"; Value = "None"; VariantName = "[No Variations]"
Add component (AddParameter): Name = "Value"; Value = ""; VariantName = "[No Variations]"
Added Pin To Net: NetName=GLCD_CON9 Pin=P9-1
Added Pin To Net: NetName=GLCD_CON8 Pin=P9-2
Added Pin To Net: NetName=GLCD_CON7 Pin=P9-3
Added Pin To Net: NetName=GLCD_CON3 Pin=P9-4
Added Pin To Net: NetName=GLCD_CON2 Pin=P9-5
Added Pin To Net: NetName=GLCD_CON5 Pin=P9-6
Added Pin To Net: NetName=GLCD_CON6 Pin=P9-7
Added Pin To Net: NetName=GLCD_CON4 Pin=P9-8
Added Pin To Net: NetName=GLCD_CON1 Pin=P9-9
Added Pin To Net: NetName=GND Pin=U4-8
Added Pin To Net: NetName=3V3 Pin=U4-9
Added Pin To Net: NetName=GND Pin=U4-10
Added Pin To Net: NetName=3V3 Pin=U4-11
Added Pin To Net: NetName=GND Pin=U4-14
Added Pin To Net: NetName=VCC Pin=U4-15
Added Pin To Net: NetName=3V3 Pin=U4-16
Added Pin To Net: NetName=GND Pin=U4-17
Added Pin To Net: NetName=GLCD_CON1 Pin=U4-20
Added Pin To Net: NetName=GLCD_CON4 Pin=U4-21
Added Pin To Net: NetName=GLCD_CON6 Pin=U4-22
Added Pin To Net: NetName=GLCD_CON5 Pin=U4-23
Added Pin To Net: NetName=GND Pin=U4-24
Added Pin To Net: NetName=3V3 Pin=U4-25
Added Pin To Net: NetName=GLCD_CON2 Pin=U4-26
Added Pin To Net: NetName=GLCD_CON3 Pin=U4-27
Added Pin To Net: NetName=GLCD_CON7 Pin=U4-28
Added Pin To Net: NetName=GLCD_CON8 Pin=U4-29
Added Pin To Net: NetName=GLCD_CON9 Pin=U4-30
Added Pin To Net: NetName=D9 Pin=P8-1
Added Pin To Net: NetName=D9 Pin=P9-10
Added Pin To Net: NetName=D9 Pin=U4-19
Added Net: Name=D9
Added Pin To Net: NetName=D10 Pin=P8-2
Added Pin To Net: NetName=D10 Pin=P9-11
Added Pin To Net: NetName=D10 Pin=U4-18
Added Net: Name=D10
Added Pin To Net: NetName=NetP6_1 Pin=P6-1
Added Pin To Net: NetName=NetP6_1 Pin=U4-1
Added Net: Name=NetP6_1
Added Pin To Net: NetName=NetP6_2 Pin=P6-2
Added Pin To Net: NetName=NetP6_2 Pin=U4-12
Added Net: Name=NetP6_2
Added Pin To Net: NetName=NetP6_3 Pin=P6-3
Added Pin To Net: NetName=NetP6_3 Pin=U4-13
Added Net: Name=NetP6_3
Added Pin To Net: NetName=NetP7_1 Pin=P7-1
Added Pin To Net: NetName=NetP7_1 Pin=U4-7
Added Net: Name=NetP7_1
Added Pin To Net: NetName=NetP7_2 Pin=P7-2
Added Pin To Net: NetName=NetP7_2 Pin=U4-6
Added Net: Name=NetP7_2
Added Pin To Net: NetName=NetP7_3 Pin=P7-3
Added Pin To Net: NetName=NetP7_3 Pin=U4-5
Added Net: Name=NetP7_3
Added Pin To Net: NetName=NetP7_4 Pin=P7-4
Added Pin To Net: NetName=NetP7_4 Pin=U4-4
Added Net: Name=NetP7_4
Added Pin To Net: NetName=NetP7_5 Pin=P7-5
Added Pin To Net: NetName=NetP7_5 Pin=U4-3
Added Net: Name=NetP7_5
Added Pin To Net: NetName=NetP7_6 Pin=P7-6
Added Pin To Net: NetName=NetP7_6 Pin=U4-2
Added Net: Name=NetP7_6
Added Pin To Net: NetName=NetP10_1 Pin=P10-1
Added Pin To Net: NetName=NetP10_1 Pin=U5-2
Added Net: Name=NetP10_1
Added Pin To Net: NetName=NetP11_1 Pin=P11-1
Added Pin To Net: NetName=NetP11_1 Pin=U5-4
Added Net: Name=NetP11_1
Added Pin To Net: NetName=NetU5_12 Pin=U5-12
Added Net: Name=NetU5_12
Added Class: Name=U_DC Motor Control
Added Member To Class: ClassName=U_NodeMCU Member=Component P6 Header 3
Added Member To Class: ClassName=U_NodeMCU Member=Component P7 Header 6
Added Member To Class: ClassName=U_NodeMCU Member=Component P8 Header 2
Added Member To Class: ClassName=U_NodeMCU Member=Component P9 Header 11
Added Room: Name=U_DC Motor Control
