Remove Pin from Net: Failed to remove Pin
Remove Pin from Net: Failed to remove Pin
Remove Pin from Net: Failed to remove Pin
Remove Pin from Net: Failed to remove Pin
Remove Pin from Net: Failed to remove Pin
Remove Pin from Net: Failed to remove Pin
Remove Pin from Net: Failed to remove Pin
Remove Pin from Net: Failed to remove Pin
Remove Pin from Net: Failed to remove Pin
Remove Pin from Net: Unknown Pin: Pin P1-11
Remove Pin from Net: Unknown Pin: Pin P1-12
Remove Pin from Net: Unknown Pin: Pin P1-13
Remove Pin from Net: Unknown Pin: Pin P1-14
Remove Pin from Net: Unknown Pin: Pin P1-15
Remove Pin from Net: Unknown Pin: Pin P1-16
Remove Pin from Net: Unknown Pin: Pin P1-17
Remove Pin from Net: Unknown Pin: Pin P1-18
Remove Pin from Net: Unknown Pin: Pin P1-19
Remove Pin from Net: Unknown Pin: Pin P1-20
Remove Pin from Net: Unknown Pin: Pin P1-21
Remove Pin from Net: Unknown Pin: Pin P1-22
Remove Pin from Net: Unknown Pin: Pin P1-23
Remove Pin from Net: Unknown Pin: Pin P1-24
Remove Pin from Net: Unknown Pin: Pin P1-25
Remove Pin from Net: Failed to remove Pin
Remove Pin from Net: Failed to remove Pin
Remove Pin from Net: Failed to remove Pin
Remove Pin from Net: Failed to remove Pin
Remove Pin from Net: Failed to remove Pin
Remove Pin from Net: Failed to remove Pin
Remove Pin from Net: Failed to remove Pin
Remove Pin from Net: Failed to remove Pin
Remove Pin from Net: Failed to remove Pin
Remove Pin from Net: Failed to remove Pin
Remove Pin from Net: Unknown Pin: Pin P2-11
Remove Pin from Net: Unknown Pin: Pin P2-12
Remove Pin from Net: Unknown Pin: Pin P2-13
Remove Pin from Net: Unknown Pin: Pin P2-14
Remove Pin from Net: Unknown Pin: Pin P2-15
Remove Pin from Net: Unknown Pin: Pin P2-16
Remove Pin from Net: Unknown Pin: Pin P2-17
Remove Pin from Net: Unknown Pin: Pin P2-18
Remove Pin from Net: Unknown Pin: Pin P2-19
Remove Pin from Net: Unknown Pin: Pin P2-20
Remove Pin from Net: Unknown Pin: Pin P2-21
Remove Pin from Net: Unknown Pin: Pin P2-22
Remove Pin from Net: Unknown Pin: Pin P2-23
Remove Pin from Net: Unknown Pin: Pin P2-24
Remove Pin from Net: Unknown Pin: Pin P2-25
Added Component: Designator=P14(HDR1X15)
Add component (AddParameter): Name = "LatestRevisionDate"; Value = "17-Jul-2002"; VariantName = "[No Variations]"
Add component (AddParameter): Name = "LatestRevisionNote"; Value = "Re-released for DXP Platform."; VariantName = "[No Variations]"
Add component (AddParameter): Name = "Publisher"; Value = "Altium Limited"; VariantName = "[No Variations]"
Added Component: Designator=P15(HDR1X10)
Add component (AddParameter): Name = "LatestRevisionDate"; Value = "17-Jul-2002"; VariantName = "[No Variations]"
Add component (AddParameter): Name = "LatestRevisionNote"; Value = "Re-released for DXP Platform."; VariantName = "[No Variations]"
Add component (AddParameter): Name = "Publisher"; Value = "Altium Limited"; VariantName = "[No Variations]"
Added Member To Class: ClassName=U_ESP32_S2_solo Member=Component P14 Header 15
Added Member To Class: ClassName=U_ESP32_S2_solo Member=Component P15 Header 10
