Removed Pin From Net: NetName=SCK Pin=P1-23
Removed Pin From Net: NetName=MOSI Pin=P1-24
Removed Pin From Net: NetName=MOSI Pin=U1-28
Removed Pin From Net: NetName=SCK Pin=U1-29
Added Component: Designator=P5(HDR1X3)
Add component (AddParameter): Name = "LatestRevisionDate"; Value = "17-Jul-2002"; VariantName = "[No Variations]"
Add component (AddParameter): Name = "LatestRevisionNote"; Value = "Re-released for DXP Platform."; VariantName = "[No Variations]"
Add component (AddParameter): Name = "Publisher"; Value = "Altium Limited"; VariantName = "[No Variations]"
Added Component: Designator=R3(RESC3115X65N)
Add component (AddParameter): Name = "Availability"; Value = "Unavailable"; VariantName = "[No Variations]"
Add component (AddParameter): Name = "MF"; Value = "{'manufacturer': u'TE Connectivity'}"; VariantName = "[No Variations]"
Add component (AddParameter): Name = "MP"; Value = "1-1879462-4"; VariantName = "[No Variations]"
Add component (AddParameter): Name = "Package"; Value = "None"; VariantName = "[No Variations]"
Add component (AddParameter): Name = "Price"; Value = "None"; VariantName = "[No Variations]"
Add component (AddParameter): Name = "Value"; Value = ""; VariantName = "[No Variations]"
Added Component: Designator=U?(MODULE_VMA107)
Add component (AddParameter): Name = "Availability"; Value = "Unavailable"; VariantName = "[No Variations]"
Add component (AddParameter): Name = "MF"; Value = "{'manufacturer': u'Velleman'}"; VariantName = "[No Variations]"
Add component (AddParameter): Name = "MP"; Value = "VMA107"; VariantName = "[No Variations]"
Add component (AddParameter): Name = "Package"; Value = "None"; VariantName = "[No Variations]"
Add component (AddParameter): Name = "Price"; Value = "None"; VariantName = "[No Variations]"
Add component (AddParameter): Name = "Value"; Value = ""; VariantName = "[No Variations]"
Added Pin To Net: NetName=GND Pin=C1-2
Added Pin To Net: NetName=GND Pin=C2-2
Added Pin To Net: NetName=GND Pin=C3-1
Added Pin To Net: NetName=GND Pin=C4-1
Added Pin To Net: NetName=VCC Pin=C4-2
Added Pin To Net: NetName=GND Pin=C5-2
Added Pin To Net: NetName=GND Pin=C6-2
Added Pin To Net: NetName=VCC Pin=D1-2
Added Pin To Net: NetName=NetC1_1 Pin=P1-12
Added Pin To Net: NetName=SCK Pin=P1-21
Added Pin To Net: NetName=MOSI Pin=P1-22
Added Pin To Net: NetName=NetC2_1 Pin=P2-25
Added Pin To Net: NetName=GND Pin=P5-1
Added Pin To Net: NetName=3V3 Pin=P5-2
Added Pin To Net: NetName=VCC Pin=P5-3
Added Pin To Net: NetName=GND Pin=SW1-4
Added Pin To Net: NetName=GND Pin=SW2-4
Added Pin To Net: NetName=NetC1_1 Pin=U1-3
Added Pin To Net: NetName=NetC2_1 Pin=U1-27
Added Pin To Net: NetName=MOSI Pin=U1-30
Added Pin To Net: NetName=SCK Pin=U1-31
Added Pin To Net: NetName=GND Pin=U2-15
Added Pin To Net: NetName=GND Pin=U2-16
Added Pin To Net: NetName=GND Pin=U2-17
Added Pin To Net: NetName=GND Pin=U2-18
Added Pin To Net: NetName=GND Pin=U2-A1
Added Pin To Net: NetName=GND Pin=U2-A12
Added Pin To Net: NetName=GND Pin=U2-B1
Added Pin To Net: NetName=GND Pin=U2-B12
Added Pin To Net: NetName=GND Pin=U3-1
Added Pin To Net: NetName=VCC Pin=U3-16
Added Pin To Net: NetName=VCC Pin=U6-1
Added Pin To Net: NetName=GND Pin=U6-2
Added Pin To Net: NetName=VCC Pin=U6-8
Change Net Name : Old Net Name=CS New Net Name=GLCD_CON1
Change Net Name : Old Net Name=MOSI New Net Name=GLCD_CON4
Change Net Name : Old Net Name=NetC1_1 New Net Name=EN
Change Net Name : Old Net Name=NetC2_1 New Net Name=IO0
Change Net Name : Old Net Name=SCK New Net Name=GLCD_CON5
Change Net Name : Old Net Name=T_CS New Net Name=GLCD_CON7
Added Pin To Net: NetName=GLCD_CON2 Pin=P1-24
Added Pin To Net: NetName=GLCD_CON2 Pin=U1-28
Added Pin To Net: NetName=GLCD_CON2 Pin=U6-4
Added Net: Name=GLCD_CON2
Added Pin To Net: NetName=GLCD_CON3 Pin=P1-23
Added Pin To Net: NetName=GLCD_CON3 Pin=U1-29
Added Pin To Net: NetName=GLCD_CON3 Pin=U6-5
Added Net: Name=GLCD_CON3
Added Pin To Net: NetName=GLCD_CON6 Pin=P1-20
Added Pin To Net: NetName=GLCD_CON6 Pin=R3-1
Added Pin To Net: NetName=GLCD_CON6 Pin=U1-32
Added Pin To Net: NetName=GLCD_CON6 Pin=U6-13
Added Pin To Net: NetName=GLCD_CON6 Pin=U6-16
Added Net: Name=GLCD_CON6
Added Pin To Net: NetName=GLCD_CON8 Pin=P1-18
Added Pin To Net: NetName=GLCD_CON8 Pin=U1-34
Added Pin To Net: NetName=GLCD_CON8 Pin=U6-14
Added Net: Name=GLCD_CON8
Added Pin To Net: NetName=GLCD_CON9 Pin=P1-17
Added Pin To Net: NetName=GLCD_CON9 Pin=U1-35
Added Pin To Net: NetName=GLCD_CON9 Pin=U6-18
Added Net: Name=GLCD_CON9
Added Pin To Net: NetName=NetR3_2 Pin=R3-2
Added Pin To Net: NetName=NetR3_2 Pin=U6-9
Added Net: Name=NetR3_2
Added Pin To Net: NetName=UART1 Pin=P1-14
Added Pin To Net: NetName=UART1 Pin=U1-36
Added Pin To Net: NetName=UART1 Pin=U3-2
Added Net: Name=UART1
Added Pin To Net: NetName=UART2 Pin=P1-13
Added Pin To Net: NetName=UART2 Pin=U1-37
Added Pin To Net: NetName=UART2 Pin=U3-3
Added Net: Name=UART2
Added Class: Name=U_NodeMCU
Added Class: Name=U_Power Regulation
Added Member To Class: ClassName=GLCD Member=Component R3 10k
Added Room: Name=U_NodeMCU
Added Room: Name=U_Power Regulation
